{"/home/noahgallant/WebInterface/src/App.js": {"path":"/home/noahgallant/WebInterface/src/App.js","statementMap":{"0":{"start":{"line":9,"column":2},"end":{"line":16,"column":4}}},"fnMap":{"0":{"name":"App","decl":{"start":{"line":8,"column":9},"end":{"line":8,"column":12}},"loc":{"start":{"line":8,"column":20},"end":{"line":17,"column":1}},"line":8}},"branchMap":{},"s":{"0":0},"f":{"0":0},"b":{},"hash":"06042dee41a4f36debc60372c47d4bff9cc368c0"}
,"/home/noahgallant/WebInterface/src/index.js": {"path":"/home/noahgallant/WebInterface/src/index.js","statementMap":{"0":{"start":{"line":9,"column":0},"end":{"line":14,"column":4}},"1":{"start":{"line":20,"column":0},"end":{"line":20,"column":27}}},"fnMap":{},"branchMap":{},"s":{"0":0,"1":0},"f":{},"b":{},"hash":"a93a5d2871c7afefb5413b201dc50b1d716f38c2"}
,"/home/noahgallant/WebInterface/src/serviceWorker.js": {"path":"/home/noahgallant/WebInterface/src/serviceWorker.js","statementMap":{"0":{"start":{"line":13,"column":20},"end":{"line":21,"column":1}},"1":{"start":{"line":24,"column":2},"end":{"line":54,"column":3}},"2":{"start":{"line":26,"column":22},"end":{"line":26,"column":75}},"3":{"start":{"line":27,"column":4},"end":{"line":32,"column":5}},"4":{"start":{"line":31,"column":6},"end":{"line":31,"column":13}},"5":{"start":{"line":34,"column":4},"end":{"line":53,"column":7}},"6":{"start":{"line":35,"column":20},"end":{"line":35,"column":65}},"7":{"start":{"line":37,"column":6},"end":{"line":52,"column":7}},"8":{"start":{"line":39,"column":8},"end":{"line":39,"column":47}},"9":{"start":{"line":43,"column":8},"end":{"line":48,"column":11}},"10":{"start":{"line":44,"column":10},"end":{"line":47,"column":12}},"11":{"start":{"line":51,"column":8},"end":{"line":51,"column":39}},"12":{"start":{"line":58,"column":2},"end":{"line":98,"column":7}},"13":{"start":{"line":61,"column":6},"end":{"line":94,"column":8}},"14":{"start":{"line":62,"column":33},"end":{"line":62,"column":56}},"15":{"start":{"line":63,"column":8},"end":{"line":65,"column":9}},"16":{"start":{"line":64,"column":10},"end":{"line":64,"column":17}},"17":{"start":{"line":66,"column":8},"end":{"line":93,"column":10}},"18":{"start":{"line":67,"column":10},"end":{"line":92,"column":11}},"19":{"start":{"line":68,"column":12},"end":{"line":91,"column":13}},"20":{"start":{"line":72,"column":14},"end":{"line":75,"column":16}},"21":{"start":{"line":78,"column":14},"end":{"line":80,"column":15}},"22":{"start":{"line":79,"column":16},"end":{"line":79,"column":46}},"23":{"start":{"line":85,"column":14},"end":{"line":85,"column":64}},"24":{"start":{"line":88,"column":14},"end":{"line":90,"column":15}},"25":{"start":{"line":89,"column":16},"end":{"line":89,"column":47}},"26":{"start":{"line":97,"column":6},"end":{"line":97,"column":72}},"27":{"start":{"line":103,"column":2},"end":{"line":126,"column":7}},"28":{"start":{"line":106,"column":26},"end":{"line":106,"column":62}},"29":{"start":{"line":107,"column":6},"end":{"line":120,"column":7}},"30":{"start":{"line":112,"column":8},"end":{"line":116,"column":11}},"31":{"start":{"line":113,"column":10},"end":{"line":115,"column":13}},"32":{"start":{"line":114,"column":12},"end":{"line":114,"column":37}},"33":{"start":{"line":119,"column":8},"end":{"line":119,"column":39}},"34":{"start":{"line":123,"column":6},"end":{"line":125,"column":8}},"35":{"start":{"line":130,"column":2},"end":{"line":134,"column":3}},"36":{"start":{"line":131,"column":4},"end":{"line":133,"column":7}},"37":{"start":{"line":132,"column":6},"end":{"line":132,"column":32}}},"fnMap":{"0":{"name":"register","decl":{"start":{"line":23,"column":16},"end":{"line":23,"column":24}},"loc":{"start":{"line":23,"column":33},"end":{"line":55,"column":1}},"line":23},"1":{"name":"(anonymous_1)","decl":{"start":{"line":34,"column":36},"end":{"line":34,"column":37}},"loc":{"start":{"line":34,"column":42},"end":{"line":53,"column":5}},"line":34},"2":{"name":"(anonymous_2)","decl":{"start":{"line":43,"column":43},"end":{"line":43,"column":44}},"loc":{"start":{"line":43,"column":49},"end":{"line":48,"column":9}},"line":43},"3":{"name":"registerValidSW","decl":{"start":{"line":57,"column":9},"end":{"line":57,"column":24}},"loc":{"start":{"line":57,"column":40},"end":{"line":99,"column":1}},"line":57},"4":{"name":"(anonymous_4)","decl":{"start":{"line":60,"column":10},"end":{"line":60,"column":11}},"loc":{"start":{"line":60,"column":26},"end":{"line":95,"column":5}},"line":60},"5":{"name":"(anonymous_5)","decl":{"start":{"line":61,"column":35},"end":{"line":61,"column":36}},"loc":{"start":{"line":61,"column":41},"end":{"line":94,"column":7}},"line":61},"6":{"name":"(anonymous_6)","decl":{"start":{"line":66,"column":41},"end":{"line":66,"column":42}},"loc":{"start":{"line":66,"column":47},"end":{"line":93,"column":9}},"line":66},"7":{"name":"(anonymous_7)","decl":{"start":{"line":96,"column":11},"end":{"line":96,"column":12}},"loc":{"start":{"line":96,"column":20},"end":{"line":98,"column":5}},"line":96},"8":{"name":"checkValidServiceWorker","decl":{"start":{"line":101,"column":9},"end":{"line":101,"column":32}},"loc":{"start":{"line":101,"column":48},"end":{"line":127,"column":1}},"line":101},"9":{"name":"(anonymous_9)","decl":{"start":{"line":104,"column":10},"end":{"line":104,"column":11}},"loc":{"start":{"line":104,"column":22},"end":{"line":121,"column":5}},"line":104},"10":{"name":"(anonymous_10)","decl":{"start":{"line":112,"column":43},"end":{"line":112,"column":44}},"loc":{"start":{"line":112,"column":59},"end":{"line":116,"column":9}},"line":112},"11":{"name":"(anonymous_11)","decl":{"start":{"line":113,"column":41},"end":{"line":113,"column":42}},"loc":{"start":{"line":113,"column":47},"end":{"line":115,"column":11}},"line":113},"12":{"name":"(anonymous_12)","decl":{"start":{"line":122,"column":11},"end":{"line":122,"column":12}},"loc":{"start":{"line":122,"column":17},"end":{"line":126,"column":5}},"line":122},"13":{"name":"unregister","decl":{"start":{"line":129,"column":16},"end":{"line":129,"column":26}},"loc":{"start":{"line":129,"column":29},"end":{"line":135,"column":1}},"line":129},"14":{"name":"(anonymous_14)","decl":{"start":{"line":131,"column":39},"end":{"line":131,"column":40}},"loc":{"start":{"line":131,"column":55},"end":{"line":133,"column":5}},"line":131}},"branchMap":{"0":{"loc":{"start":{"line":14,"column":2},"end":{"line":20,"column":5}},"type":"binary-expr","locations":[{"start":{"line":14,"column":2},"end":{"line":14,"column":42}},{"start":{"line":16,"column":4},"end":{"line":16,"column":40}},{"start":{"line":18,"column":4},"end":{"line":20,"column":5}}],"line":14},"1":{"loc":{"start":{"line":24,"column":2},"end":{"line":54,"column":3}},"type":"if","locations":[{"start":{"line":24,"column":2},"end":{"line":54,"column":3}},{"start":{"line":24,"column":2},"end":{"line":54,"column":3}}],"line":24},"2":{"loc":{"start":{"line":24,"column":6},"end":{"line":24,"column":75}},"type":"binary-expr","locations":[{"start":{"line":24,"column":6},"end":{"line":24,"column":43}},{"start":{"line":24,"column":47},"end":{"line":24,"column":75}}],"line":24},"3":{"loc":{"start":{"line":27,"column":4},"end":{"line":32,"column":5}},"type":"if","locations":[{"start":{"line":27,"column":4},"end":{"line":32,"column":5}},{"start":{"line":27,"column":4},"end":{"line":32,"column":5}}],"line":27},"4":{"loc":{"start":{"line":37,"column":6},"end":{"line":52,"column":7}},"type":"if","locations":[{"start":{"line":37,"column":6},"end":{"line":52,"column":7}},{"start":{"line":37,"column":6},"end":{"line":52,"column":7}}],"line":37},"5":{"loc":{"start":{"line":63,"column":8},"end":{"line":65,"column":9}},"type":"if","locations":[{"start":{"line":63,"column":8},"end":{"line":65,"column":9}},{"start":{"line":63,"column":8},"end":{"line":65,"column":9}}],"line":63},"6":{"loc":{"start":{"line":67,"column":10},"end":{"line":92,"column":11}},"type":"if","locations":[{"start":{"line":67,"column":10},"end":{"line":92,"column":11}},{"start":{"line":67,"column":10},"end":{"line":92,"column":11}}],"line":67},"7":{"loc":{"start":{"line":68,"column":12},"end":{"line":91,"column":13}},"type":"if","locations":[{"start":{"line":68,"column":12},"end":{"line":91,"column":13}},{"start":{"line":68,"column":12},"end":{"line":91,"column":13}}],"line":68},"8":{"loc":{"start":{"line":78,"column":14},"end":{"line":80,"column":15}},"type":"if","locations":[{"start":{"line":78,"column":14},"end":{"line":80,"column":15}},{"start":{"line":78,"column":14},"end":{"line":80,"column":15}}],"line":78},"9":{"loc":{"start":{"line":78,"column":18},"end":{"line":78,"column":43}},"type":"binary-expr","locations":[{"start":{"line":78,"column":18},"end":{"line":78,"column":24}},{"start":{"line":78,"column":28},"end":{"line":78,"column":43}}],"line":78},"10":{"loc":{"start":{"line":88,"column":14},"end":{"line":90,"column":15}},"type":"if","locations":[{"start":{"line":88,"column":14},"end":{"line":90,"column":15}},{"start":{"line":88,"column":14},"end":{"line":90,"column":15}}],"line":88},"11":{"loc":{"start":{"line":88,"column":18},"end":{"line":88,"column":44}},"type":"binary-expr","locations":[{"start":{"line":88,"column":18},"end":{"line":88,"column":24}},{"start":{"line":88,"column":28},"end":{"line":88,"column":44}}],"line":88},"12":{"loc":{"start":{"line":107,"column":6},"end":{"line":120,"column":7}},"type":"if","locations":[{"start":{"line":107,"column":6},"end":{"line":120,"column":7}},{"start":{"line":107,"column":6},"end":{"line":120,"column":7}}],"line":107},"13":{"loc":{"start":{"line":108,"column":8},"end":{"line":109,"column":73}},"type":"binary-expr","locations":[{"start":{"line":108,"column":8},"end":{"line":108,"column":31}},{"start":{"line":109,"column":9},"end":{"line":109,"column":28}},{"start":{"line":109,"column":32},"end":{"line":109,"column":72}}],"line":108},"14":{"loc":{"start":{"line":130,"column":2},"end":{"line":134,"column":3}},"type":"if","locations":[{"start":{"line":130,"column":2},"end":{"line":134,"column":3}},{"start":{"line":130,"column":2},"end":{"line":134,"column":3}}],"line":130}},"s":{"0":0,"1":0,"2":0,"3":0,"4":0,"5":0,"6":0,"7":0,"8":0,"9":0,"10":0,"11":0,"12":0,"13":0,"14":0,"15":0,"16":0,"17":0,"18":0,"19":0,"20":0,"21":0,"22":0,"23":0,"24":0,"25":0,"26":0,"27":0,"28":0,"29":0,"30":0,"31":0,"32":0,"33":0,"34":0,"35":0,"36":0,"37":0},"f":{"0":0,"1":0,"2":0,"3":0,"4":0,"5":0,"6":0,"7":0,"8":0,"9":0,"10":0,"11":0,"12":0,"13":0,"14":0},"b":{"0":[0,0,0],"1":[0,0],"2":[0,0],"3":[0,0],"4":[0,0],"5":[0,0],"6":[0,0],"7":[0,0],"8":[0,0],"9":[0,0],"10":[0,0],"11":[0,0],"12":[0,0],"13":[0,0,0],"14":[0,0]},"hash":"70ca2431e5c7675fd424c96d82d8a527884bccb2"}
,"/home/noahgallant/WebInterface/src/components/Icon.jsx": {"path":"/home/noahgallant/WebInterface/src/components/Icon.jsx","statementMap":{"0":{"start":{"line":5,"column":8},"end":{"line":5,"column":22}},"1":{"start":{"line":9,"column":8},"end":{"line":13,"column":9}}},"fnMap":{"0":{"name":"(anonymous_0)","decl":{"start":{"line":4,"column":4},"end":{"line":4,"column":5}},"loc":{"start":{"line":4,"column":24},"end":{"line":6,"column":5}},"line":4},"1":{"name":"(anonymous_1)","decl":{"start":{"line":8,"column":4},"end":{"line":8,"column":5}},"loc":{"start":{"line":8,"column":14},"end":{"line":14,"column":5}},"line":8}},"branchMap":{},"s":{"0":1,"1":1},"f":{"0":1,"1":1},"b":{},"_coverageSchema":"43e27e138ebf9cfc5966b082cf9a028302ed4184","hash":"0e1182f5ca7b68bca0a35a70aee693da6c47a184"}
,"/home/noahgallant/WebInterface/src/components/Dashboard/Dashboard.jsx": {"path":"/home/noahgallant/WebInterface/src/components/Dashboard/Dashboard.jsx","statementMap":{"0":{"start":{"line":8,"column":8},"end":{"line":8,"column":22}},"1":{"start":{"line":10,"column":8},"end":{"line":14,"column":10}},"2":{"start":{"line":16,"column":8},"end":{"line":16,"column":55}},"3":{"start":{"line":17,"column":8},"end":{"line":17,"column":49}},"4":{"start":{"line":18,"column":8},"end":{"line":18,"column":55}},"5":{"start":{"line":27,"column":8},"end":{"line":29,"column":9}},"6":{"start":{"line":28,"column":12},"end":{"line":28,"column":31}},"7":{"start":{"line":30,"column":8},"end":{"line":32,"column":10}},"8":{"start":{"line":36,"column":21},"end":{"line":36,"column":38}},"9":{"start":{"line":38,"column":8},"end":{"line":38,"column":25}},"10":{"start":{"line":40,"column":8},"end":{"line":42,"column":10}},"11":{"start":{"line":46,"column":21},"end":{"line":46,"column":57}},"12":{"start":{"line":48,"column":8},"end":{"line":50,"column":9}},"13":{"start":{"line":51,"column":8},"end":{"line":54,"column":10}},"14":{"start":{"line":58,"column":21},"end":{"line":58,"column":23}},"15":{"start":{"line":59,"column":8},"end":{"line":71,"column":9}},"16":{"start":{"line":60,"column":24},"end":{"line":60,"column":46}},"17":{"start":{"line":61,"column":12},"end":{"line":70,"column":13}},"18":{"start":{"line":73,"column":29},"end":{"line":73,"column":45}},"19":{"start":{"line":75,"column":28},"end":{"line":82,"column":9}},"20":{"start":{"line":85,"column":8},"end":{"line":98,"column":9}},"21":{"start":{"line":86,"column":56},"end":{"line":86,"column":94}}},"fnMap":{"0":{"name":"(anonymous_0)","decl":{"start":{"line":7,"column":4},"end":{"line":7,"column":5}},"loc":{"start":{"line":7,"column":24},"end":{"line":20,"column":5}},"line":7},"1":{"name":"(anonymous_1)","decl":{"start":{"line":26,"column":4},"end":{"line":26,"column":5}},"loc":{"start":{"line":26,"column":24},"end":{"line":33,"column":5}},"line":26},"2":{"name":"(anonymous_2)","decl":{"start":{"line":35,"column":4},"end":{"line":35,"column":5}},"loc":{"start":{"line":35,"column":20},"end":{"line":43,"column":5}},"line":35},"3":{"name":"(anonymous_3)","decl":{"start":{"line":45,"column":4},"end":{"line":45,"column":5}},"loc":{"start":{"line":45,"column":19},"end":{"line":55,"column":5}},"line":45},"4":{"name":"(anonymous_4)","decl":{"start":{"line":57,"column":4},"end":{"line":57,"column":5}},"loc":{"start":{"line":57,"column":14},"end":{"line":99,"column":5}},"line":57},"5":{"name":"(anonymous_5)","decl":{"start":{"line":86,"column":49},"end":{"line":86,"column":50}},"loc":{"start":{"line":86,"column":55},"end":{"line":86,"column":95}},"line":86}},"branchMap":{"0":{"loc":{"start":{"line":27,"column":8},"end":{"line":29,"column":9}},"type":"if","locations":[{"start":{"line":27,"column":8},"end":{"line":29,"column":9}},{"start":{"line":27,"column":8},"end":{"line":29,"column":9}}],"line":27}},"s":{"0":0,"1":0,"2":0,"3":0,"4":0,"5":0,"6":0,"7":0,"8":0,"9":0,"10":0,"11":0,"12":0,"13":0,"14":0,"15":0,"16":0,"17":0,"18":0,"19":0,"20":0,"21":0},"f":{"0":0,"1":0,"2":0,"3":0,"4":0,"5":0},"b":{"0":[0,0]},"hash":"d9f87e9d39764335989eab5cc7661250f64410ca"}
,"/home/noahgallant/WebInterface/src/components/Dashboard/Panel.jsx": {"path":"/home/noahgallant/WebInterface/src/components/Dashboard/Panel.jsx","statementMap":{"0":{"start":{"line":14,"column":8},"end":{"line":14,"column":21}},"1":{"start":{"line":16,"column":8},"end":{"line":29,"column":9}},"2":{"start":{"line":31,"column":8},"end":{"line":31,"column":55}},"3":{"start":{"line":32,"column":8},"end":{"line":32,"column":63}},"4":{"start":{"line":33,"column":8},"end":{"line":33,"column":61}},"5":{"start":{"line":34,"column":8},"end":{"line":34,"column":55}},"6":{"start":{"line":38,"column":8},"end":{"line":38,"column":46}},"7":{"start":{"line":46,"column":8},"end":{"line":48,"column":10}},"8":{"start":{"line":52,"column":8},"end":{"line":54,"column":10}},"9":{"start":{"line":55,"column":8},"end":{"line":55,"column":30}},"10":{"start":{"line":59,"column":8},"end":{"line":64,"column":10}},"11":{"start":{"line":69,"column":29},"end":{"line":71,"column":9}},"12":{"start":{"line":73,"column":8},"end":{"line":75,"column":9}},"13":{"start":{"line":77,"column":25},"end":{"line":80,"column":9}},"14":{"start":{"line":82,"column":8},"end":{"line":86,"column":9}},"15":{"start":{"line":83,"column":27},"end":{"line":84,"column":13}},"16":{"start":{"line":85,"column":12},"end":{"line":85,"column":63}},"17":{"start":{"line":88,"column":29},"end":{"line":91,"column":9}},"18":{"start":{"line":92,"column":24},"end":{"line":92,"column":69}},"19":{"start":{"line":96,"column":32},"end":{"line":96,"column":41}},"20":{"start":{"line":97,"column":8},"end":{"line":110,"column":9}},"21":{"start":{"line":98,"column":12},"end":{"line":101,"column":13}},"22":{"start":{"line":102,"column":12},"end":{"line":105,"column":13}},"23":{"start":{"line":106,"column":12},"end":{"line":106,"column":152}},"24":{"start":{"line":108,"column":12},"end":{"line":108,"column":85}},"25":{"start":{"line":109,"column":12},"end":{"line":109,"column":43}},"26":{"start":{"line":111,"column":8},"end":{"line":149,"column":9}},"27":{"start":{"line":114,"column":31},"end":{"line":114,"column":71}},"28":{"start":{"line":115,"column":42},"end":{"line":115,"column":67}},"29":{"start":{"line":122,"column":43},"end":{"line":122,"column":62}},"30":{"start":{"line":124,"column":24},"end":{"line":124,"column":44}},"31":{"start":{"line":125,"column":24},"end":{"line":130,"column":27}},"32":{"start":{"line":134,"column":87},"end":{"line":134,"column":127}}},"fnMap":{"0":{"name":"(anonymous_0)","decl":{"start":{"line":13,"column":4},"end":{"line":13,"column":5}},"loc":{"start":{"line":13,"column":23},"end":{"line":35,"column":5}},"line":13},"1":{"name":"(anonymous_1)","decl":{"start":{"line":37,"column":4},"end":{"line":37,"column":5}},"loc":{"start":{"line":37,"column":18},"end":{"line":39,"column":5}},"line":37},"2":{"name":"(anonymous_2)","decl":{"start":{"line":41,"column":4},"end":{"line":41,"column":5}},"loc":{"start":{"line":41,"column":22},"end":{"line":43,"column":5}},"line":41},"3":{"name":"(anonymous_3)","decl":{"start":{"line":45,"column":4},"end":{"line":45,"column":5}},"loc":{"start":{"line":45,"column":23},"end":{"line":49,"column":5}},"line":45},"4":{"name":"(anonymous_4)","decl":{"start":{"line":51,"column":4},"end":{"line":51,"column":5}},"loc":{"start":{"line":51,"column":22},"end":{"line":56,"column":5}},"line":51},"5":{"name":"(anonymous_5)","decl":{"start":{"line":58,"column":4},"end":{"line":58,"column":5}},"loc":{"start":{"line":58,"column":21},"end":{"line":65,"column":5}},"line":58},"6":{"name":"(anonymous_6)","decl":{"start":{"line":67,"column":4},"end":{"line":67,"column":5}},"loc":{"start":{"line":67,"column":13},"end":{"line":150,"column":5}},"line":67},"7":{"name":"(anonymous_7)","decl":{"start":{"line":114,"column":24},"end":{"line":114,"column":25}},"loc":{"start":{"line":114,"column":31},"end":{"line":114,"column":71}},"line":114},"8":{"name":"(anonymous_8)","decl":{"start":{"line":115,"column":24},"end":{"line":115,"column":25}},"loc":{"start":{"line":115,"column":42},"end":{"line":115,"column":67}},"line":115},"9":{"name":"(anonymous_9)","decl":{"start":{"line":122,"column":35},"end":{"line":122,"column":36}},"loc":{"start":{"line":122,"column":42},"end":{"line":122,"column":63}},"line":122},"10":{"name":"(anonymous_10)","decl":{"start":{"line":123,"column":34},"end":{"line":123,"column":35}},"loc":{"start":{"line":123,"column":60},"end":{"line":131,"column":21}},"line":123},"11":{"name":"(anonymous_11)","decl":{"start":{"line":134,"column":80},"end":{"line":134,"column":81}},"loc":{"start":{"line":134,"column":87},"end":{"line":134,"column":127}},"line":134}},"branchMap":{"0":{"loc":{"start":{"line":82,"column":8},"end":{"line":86,"column":9}},"type":"if","locations":[{"start":{"line":82,"column":8},"end":{"line":86,"column":9}},{"start":{"line":82,"column":8},"end":{"line":86,"column":9}}],"line":82},"1":{"loc":{"start":{"line":97,"column":8},"end":{"line":110,"column":9}},"type":"if","locations":[{"start":{"line":97,"column":8},"end":{"line":110,"column":9}},{"start":{"line":97,"column":8},"end":{"line":110,"column":9}}],"line":97}},"s":{"0":0,"1":0,"2":0,"3":0,"4":0,"5":0,"6":0,"7":0,"8":0,"9":0,"10":0,"11":0,"12":0,"13":0,"14":0,"15":0,"16":0,"17":0,"18":0,"19":0,"20":0,"21":0,"22":0,"23":0,"24":0,"25":0,"26":0,"27":0,"28":0,"29":0,"30":0,"31":0,"32":0},"f":{"0":0,"1":0,"2":0,"3":0,"4":0,"5":0,"6":0,"7":0,"8":0,"9":0,"10":0,"11":0},"b":{"0":[0,0],"1":[0,0]},"hash":"15636ec5d2e7d51563b7e1a5fa6d5b2c1e2ba6d9"}
,"/home/noahgallant/WebInterface/src/components/Dashboard/TitleBar.jsx": {"path":"/home/noahgallant/WebInterface/src/components/Dashboard/TitleBar.jsx","statementMap":{"0":{"start":{"line":6,"column":8},"end":{"line":6,"column":21}},"1":{"start":{"line":8,"column":8},"end":{"line":10,"column":9}},"2":{"start":{"line":15,"column":29},"end":{"line":18,"column":9}},"3":{"start":{"line":20,"column":26},"end":{"line":30,"column":9}},"4":{"start":{"line":32,"column":8},"end":{"line":44,"column":9}}},"fnMap":{"0":{"name":"(anonymous_0)","decl":{"start":{"line":5,"column":4},"end":{"line":5,"column":5}},"loc":{"start":{"line":5,"column":24},"end":{"line":11,"column":5}},"line":5},"1":{"name":"(anonymous_1)","decl":{"start":{"line":13,"column":4},"end":{"line":13,"column":5}},"loc":{"start":{"line":13,"column":14},"end":{"line":45,"column":5}},"line":13}},"branchMap":{},"s":{"0":1,"1":1,"2":1,"3":1,"4":1},"f":{"0":1,"1":1},"b":{},"_coverageSchema":"43e27e138ebf9cfc5966b082cf9a028302ed4184","hash":"3c56bff443ae42446f5509042c0d6b6618db06eb"}
,"/home/noahgallant/WebInterface/src/components/Dashboard/DashBoardPanels/AddPanel.jsx": {"path":"/home/noahgallant/WebInterface/src/components/Dashboard/DashBoardPanels/AddPanel.jsx","statementMap":{"0":{"start":{"line":7,"column":8},"end":{"line":7,"column":22}},"1":{"start":{"line":9,"column":8},"end":{"line":17,"column":9}},"2":{"start":{"line":19,"column":8},"end":{"line":19,"column":47}},"3":{"start":{"line":23,"column":8},"end":{"line":25,"column":10}},"4":{"start":{"line":29,"column":22},"end":{"line":29,"column":24}},"5":{"start":{"line":30,"column":8},"end":{"line":41,"column":9}},"6":{"start":{"line":31,"column":12},"end":{"line":40,"column":13}},"7":{"start":{"line":32,"column":16},"end":{"line":39,"column":17}},"8":{"start":{"line":37,"column":40},"end":{"line":37,"column":84}},"9":{"start":{"line":37,"column":85},"end":{"line":37,"column":99}},"10":{"start":{"line":43,"column":8},"end":{"line":53,"column":9}}},"fnMap":{"0":{"name":"(anonymous_0)","decl":{"start":{"line":6,"column":4},"end":{"line":6,"column":5}},"loc":{"start":{"line":6,"column":24},"end":{"line":20,"column":5}},"line":6},"1":{"name":"(anonymous_1)","decl":{"start":{"line":22,"column":4},"end":{"line":22,"column":5}},"loc":{"start":{"line":22,"column":15},"end":{"line":26,"column":5}},"line":22},"2":{"name":"(anonymous_2)","decl":{"start":{"line":28,"column":4},"end":{"line":28,"column":5}},"loc":{"start":{"line":28,"column":14},"end":{"line":54,"column":5}},"line":28},"3":{"name":"(anonymous_3)","decl":{"start":{"line":37,"column":33},"end":{"line":37,"column":34}},"loc":{"start":{"line":37,"column":39},"end":{"line":37,"column":100}},"line":37}},"branchMap":{"0":{"loc":{"start":{"line":30,"column":8},"end":{"line":41,"column":9}},"type":"if","locations":[{"start":{"line":30,"column":8},"end":{"line":41,"column":9}},{"start":{"line":30,"column":8},"end":{"line":41,"column":9}}],"line":30}},"s":{"0":2,"1":2,"2":2,"3":2,"4":4,"5":4,"6":1,"7":4,"8":0,"9":0,"10":4},"f":{"0":2,"1":2,"2":4,"3":0},"b":{"0":[1,3]},"_coverageSchema":"43e27e138ebf9cfc5966b082cf9a028302ed4184","hash":"25ff6286905df1b8ed2d6f1e4bdb3a19533356ec"}
,"/home/noahgallant/WebInterface/src/components/Dashboard/DashBoardPanels/BearingCoverage.jsx": {"path":"/home/noahgallant/WebInterface/src/components/Dashboard/DashBoardPanels/BearingCoverage.jsx","statementMap":{"0":{"start":{"line":6,"column":8},"end":{"line":6,"column":21}},"1":{"start":{"line":10,"column":8},"end":{"line":22,"column":9}}},"fnMap":{"0":{"name":"(anonymous_0)","decl":{"start":{"line":5,"column":4},"end":{"line":5,"column":5}},"loc":{"start":{"line":5,"column":23},"end":{"line":7,"column":5}},"line":5},"1":{"name":"(anonymous_1)","decl":{"start":{"line":9,"column":4},"end":{"line":9,"column":5}},"loc":{"start":{"line":9,"column":13},"end":{"line":23,"column":5}},"line":9}},"branchMap":{},"s":{"0":0,"1":0},"f":{"0":0,"1":0},"b":{},"hash":"5b6b952af7f76b04366682e4ca468de89c885ff9"}
,"/home/noahgallant/WebInterface/src/components/Dashboard/DashBoardPanels/BearingDatabase.jsx": {"path":"/home/noahgallant/WebInterface/src/components/Dashboard/DashBoardPanels/BearingDatabase.jsx","statementMap":{"0":{"start":{"line":7,"column":8},"end":{"line":7,"column":21}},"1":{"start":{"line":9,"column":8},"end":{"line":11,"column":9}},"2":{"start":{"line":13,"column":8},"end":{"line":13,"column":53}},"3":{"start":{"line":14,"column":8},"end":{"line":14,"column":59}},"4":{"start":{"line":15,"column":8},"end":{"line":15,"column":55}},"5":{"start":{"line":19,"column":8},"end":{"line":19,"column":26}},"6":{"start":{"line":26,"column":19},"end":{"line":50,"column":9}},"7":{"start":{"line":52,"column":8},"end":{"line":52,"column":44}},"8":{"start":{"line":58,"column":8},"end":{"line":64,"column":9}},"9":{"start":{"line":59,"column":12},"end":{"line":61,"column":14}},"10":{"start":{"line":63,"column":12},"end":{"line":63,"column":48}},"11":{"start":{"line":72,"column":8},"end":{"line":88,"column":10}},"12":{"start":{"line":73,"column":12},"end":{"line":73,"column":49}},"13":{"start":{"line":74,"column":12},"end":{"line":74,"column":50}},"14":{"start":{"line":76,"column":12},"end":{"line":84,"column":13}},"15":{"start":{"line":77,"column":30},"end":{"line":77,"column":54}},"16":{"start":{"line":78,"column":16},"end":{"line":83,"column":17}},"17":{"start":{"line":79,"column":20},"end":{"line":79,"column":51}},"18":{"start":{"line":80,"column":20},"end":{"line":80,"column":27}},"19":{"start":{"line":82,"column":20},"end":{"line":82,"column":49}},"20":{"start":{"line":87,"column":12},"end":{"line":87,"column":43}},"21":{"start":{"line":94,"column":8},"end":{"line":114,"column":9}},"22":{"start":{"line":95,"column":26},"end":{"line":95,"column":55}},"23":{"start":{"line":97,"column":12},"end":{"line":113,"column":31}},"24":{"start":{"line":117,"column":8},"end":{"line":121,"column":9}}},"fnMap":{"0":{"name":"(anonymous_0)","decl":{"start":{"line":6,"column":4},"end":{"line":6,"column":5}},"loc":{"start":{"line":6,"column":23},"end":{"line":16,"column":5}},"line":6},"1":{"name":"(anonymous_1)","decl":{"start":{"line":18,"column":4},"end":{"line":18,"column":5}},"loc":{"start":{"line":18,"column":24},"end":{"line":20,"column":5}},"line":18},"2":{"name":"(anonymous_2)","decl":{"start":{"line":22,"column":4},"end":{"line":22,"column":5}},"loc":{"start":{"line":22,"column":17},"end":{"line":55,"column":5}},"line":22},"3":{"name":"(anonymous_3)","decl":{"start":{"line":57,"column":4},"end":{"line":57,"column":5}},"loc":{"start":{"line":57,"column":29},"end":{"line":65,"column":5}},"line":57},"4":{"name":"(anonymous_4)","decl":{"start":{"line":71,"column":4},"end":{"line":71,"column":5}},"loc":{"start":{"line":71,"column":31},"end":{"line":89,"column":5}},"line":71},"5":{"name":"(anonymous_5)","decl":{"start":{"line":72,"column":28},"end":{"line":72,"column":29}},"loc":{"start":{"line":72,"column":48},"end":{"line":85,"column":9}},"line":72},"6":{"name":"(anonymous_6)","decl":{"start":{"line":85,"column":17},"end":{"line":85,"column":18}},"loc":{"start":{"line":85,"column":34},"end":{"line":88,"column":9}},"line":85},"7":{"name":"(anonymous_7)","decl":{"start":{"line":91,"column":4},"end":{"line":91,"column":5}},"loc":{"start":{"line":91,"column":13},"end":{"line":122,"column":5}},"line":91}},"branchMap":{"0":{"loc":{"start":{"line":58,"column":8},"end":{"line":64,"column":9}},"type":"if","locations":[{"start":{"line":58,"column":8},"end":{"line":64,"column":9}},{"start":{"line":58,"column":8},"end":{"line":64,"column":9}}],"line":58},"1":{"loc":{"start":{"line":76,"column":12},"end":{"line":84,"column":13}},"type":"if","locations":[{"start":{"line":76,"column":12},"end":{"line":84,"column":13}},{"start":{"line":76,"column":12},"end":{"line":84,"column":13}}],"line":76},"2":{"loc":{"start":{"line":78,"column":16},"end":{"line":83,"column":17}},"type":"if","locations":[{"start":{"line":78,"column":16},"end":{"line":83,"column":17}},{"start":{"line":78,"column":16},"end":{"line":83,"column":17}}],"line":78},"3":{"loc":{"start":{"line":94,"column":8},"end":{"line":114,"column":9}},"type":"if","locations":[{"start":{"line":94,"column":8},"end":{"line":114,"column":9}},{"start":{"line":94,"column":8},"end":{"line":114,"column":9}}],"line":94}},"s":{"0":3,"1":3,"2":3,"3":3,"4":3,"5":3,"6":4,"7":4,"8":6,"9":6,"10":0,"11":0,"12":0,"13":0,"14":0,"15":0,"16":0,"17":0,"18":0,"19":0,"20":0,"21":9,"22":6,"23":6,"24":9},"f":{"0":3,"1":3,"2":4,"3":6,"4":0,"5":0,"6":0,"7":9},"b":{"0":[6,0],"1":[0,0],"2":[0,0],"3":[6,3]},"_coverageSchema":"43e27e138ebf9cfc5966b082cf9a028302ed4184","hash":"916b0f76594d4cada5e4412f7a9c4d3be4d8a4ed"}
,"/home/noahgallant/WebInterface/src/components/Dashboard/DashBoardPanels/SingleBearing.jsx": {"path":"/home/noahgallant/WebInterface/src/components/Dashboard/DashBoardPanels/SingleBearing.jsx","statementMap":{"0":{"start":{"line":6,"column":8},"end":{"line":6,"column":21}},"1":{"start":{"line":8,"column":8},"end":{"line":10,"column":9}},"2":{"start":{"line":14,"column":8},"end":{"line":18,"column":9}}},"fnMap":{"0":{"name":"(anonymous_0)","decl":{"start":{"line":5,"column":4},"end":{"line":5,"column":5}},"loc":{"start":{"line":5,"column":24},"end":{"line":11,"column":5}},"line":5},"1":{"name":"(anonymous_1)","decl":{"start":{"line":13,"column":4},"end":{"line":13,"column":5}},"loc":{"start":{"line":13,"column":14},"end":{"line":19,"column":5}},"line":13}},"branchMap":{},"s":{"0":1,"1":1,"2":1},"f":{"0":1,"1":1},"b":{},"_coverageSchema":"43e27e138ebf9cfc5966b082cf9a028302ed4184","hash":"ee31f5169a8313009bd1693df9c76e90c578c35b"}
,"/home/noahgallant/WebInterface/src/components/Dashboard/DashBoardPanels/UnhealthyBearings.jsx": {"path":"/home/noahgallant/WebInterface/src/components/Dashboard/DashBoardPanels/UnhealthyBearings.jsx","statementMap":{"0":{"start":{"line":6,"column":8},"end":{"line":6,"column":21}},"1":{"start":{"line":8,"column":8},"end":{"line":10,"column":9}},"2":{"start":{"line":14,"column":8},"end":{"line":18,"column":9}}},"fnMap":{"0":{"name":"(anonymous_0)","decl":{"start":{"line":5,"column":4},"end":{"line":5,"column":5}},"loc":{"start":{"line":5,"column":24},"end":{"line":11,"column":5}},"line":5},"1":{"name":"(anonymous_1)","decl":{"start":{"line":13,"column":4},"end":{"line":13,"column":5}},"loc":{"start":{"line":13,"column":14},"end":{"line":19,"column":5}},"line":13}},"branchMap":{},"s":{"0":1,"1":1,"2":1},"f":{"0":1,"1":1},"b":{},"_coverageSchema":"43e27e138ebf9cfc5966b082cf9a028302ed4184","hash":"69c94831afbbdc429a86e37cae9046d8d5387d36"}
,"/home/noahgallant/WebInterface/src/components/Login/Login.jsx": {"path":"/home/noahgallant/WebInterface/src/components/Login/Login.jsx","statementMap":{"0":{"start":{"line":10,"column":4},"end":{"line":10,"column":16}},"1":{"start":{"line":12,"column":4},"end":{"line":14,"column":5}},"2":{"start":{"line":16,"column":4},"end":{"line":16,"column":45}},"3":{"start":{"line":17,"column":4},"end":{"line":17,"column":51}},"4":{"start":{"line":18,"column":4},"end":{"line":18,"column":39}},"5":{"start":{"line":22,"column":4},"end":{"line":24,"column":6}},"6":{"start":{"line":28,"column":4},"end":{"line":30,"column":6}},"7":{"start":{"line":34,"column":4},"end":{"line":34,"column":23}},"8":{"start":{"line":35,"column":4},"end":{"line":37,"column":6}},"9":{"start":{"line":42,"column":17},"end":{"line":42,"column":26}},"10":{"start":{"line":43,"column":2},"end":{"line":45,"column":3}},"11":{"start":{"line":44,"column":4},"end":{"line":44,"column":47}},"12":{"start":{"line":46,"column":2},"end":{"line":77,"column":4}},"13":{"start":{"line":60,"column":27},"end":{"line":60,"column":56}},"14":{"start":{"line":67,"column":27},"end":{"line":67,"column":59}}},"fnMap":{"0":{"name":"(anonymous_0)","decl":{"start":{"line":9,"column":2},"end":{"line":9,"column":3}},"loc":{"start":{"line":9,"column":21},"end":{"line":19,"column":3}},"line":9},"1":{"name":"(anonymous_1)","decl":{"start":{"line":21,"column":2},"end":{"line":21,"column":3}},"loc":{"start":{"line":21,"column":18},"end":{"line":25,"column":3}},"line":21},"2":{"name":"(anonymous_2)","decl":{"start":{"line":27,"column":2},"end":{"line":27,"column":3}},"loc":{"start":{"line":27,"column":24},"end":{"line":31,"column":3}},"line":27},"3":{"name":"(anonymous_3)","decl":{"start":{"line":33,"column":0},"end":{"line":33,"column":1}},"loc":{"start":{"line":33,"column":9},"end":{"line":38,"column":1}},"line":33},"4":{"name":"(anonymous_4)","decl":{"start":{"line":41,"column":0},"end":{"line":41,"column":1}},"loc":{"start":{"line":41,"column":9},"end":{"line":78,"column":1}},"line":41},"5":{"name":"(anonymous_5)","decl":{"start":{"line":60,"column":22},"end":{"line":60,"column":23}},"loc":{"start":{"line":60,"column":27},"end":{"line":60,"column":56}},"line":60},"6":{"name":"(anonymous_6)","decl":{"start":{"line":67,"column":22},"end":{"line":67,"column":23}},"loc":{"start":{"line":67,"column":27},"end":{"line":67,"column":59}},"line":67}},"branchMap":{"0":{"loc":{"start":{"line":43,"column":2},"end":{"line":45,"column":3}},"type":"if","locations":[{"start":{"line":43,"column":2},"end":{"line":45,"column":3}},{"start":{"line":43,"column":2},"end":{"line":45,"column":3}}],"line":43}},"s":{"0":1,"1":1,"2":1,"3":1,"4":1,"5":0,"6":0,"7":0,"8":0,"9":1,"10":1,"11":0,"12":1,"13":0,"14":0},"f":{"0":1,"1":0,"2":0,"3":0,"4":1,"5":0,"6":0},"b":{"0":[0,1]},"_coverageSchema":"43e27e138ebf9cfc5966b082cf9a028302ed4184","hash":"895deb7de3758927fa226c22601748abde520087"}
,"/home/noahgallant/WebInterface/src/components/Main/Main.jsx": {"path":"/home/noahgallant/WebInterface/src/components/Main/Main.jsx","statementMap":{"0":{"start":{"line":8,"column":7},"end":{"line":8,"column":20}},"1":{"start":{"line":10,"column":7},"end":{"line":12,"column":8}},"2":{"start":{"line":14,"column":7},"end":{"line":14,"column":42}},"3":{"start":{"line":18,"column":8},"end":{"line":20,"column":10}},"4":{"start":{"line":25,"column":23},"end":{"line":25,"column":32}},"5":{"start":{"line":27,"column":8},"end":{"line":29,"column":9}},"6":{"start":{"line":28,"column":12},"end":{"line":28,"column":56}},"7":{"start":{"line":30,"column":8},"end":{"line":35,"column":9}}},"fnMap":{"0":{"name":"(anonymous_0)","decl":{"start":{"line":7,"column":4},"end":{"line":7,"column":5}},"loc":{"start":{"line":7,"column":24},"end":{"line":15,"column":5}},"line":7},"1":{"name":"(anonymous_1)","decl":{"start":{"line":17,"column":4},"end":{"line":17,"column":5}},"loc":{"start":{"line":17,"column":12},"end":{"line":21,"column":5}},"line":17},"2":{"name":"(anonymous_2)","decl":{"start":{"line":23,"column":4},"end":{"line":23,"column":5}},"loc":{"start":{"line":23,"column":14},"end":{"line":36,"column":5}},"line":23}},"branchMap":{"0":{"loc":{"start":{"line":27,"column":8},"end":{"line":29,"column":9}},"type":"if","locations":[{"start":{"line":27,"column":8},"end":{"line":29,"column":9}},{"start":{"line":27,"column":8},"end":{"line":29,"column":9}}],"line":27}},"s":{"0":1,"1":1,"2":1,"3":0,"4":1,"5":1,"6":0,"7":1},"f":{"0":1,"1":0,"2":1},"b":{"0":[0,1]},"_coverageSchema":"43e27e138ebf9cfc5966b082cf9a028302ed4184","hash":"9d3d7495f58857a7032de7eec3cdf3dfe953f6a8"}
,"/home/noahgallant/WebInterface/src/components/Toolbar/Toolbar.jsx": {"path":"/home/noahgallant/WebInterface/src/components/Toolbar/Toolbar.jsx","statementMap":{"0":{"start":{"line":6,"column":8},"end":{"line":6,"column":21}},"1":{"start":{"line":7,"column":8},"end":{"line":10,"column":9}},"2":{"start":{"line":14,"column":8},"end":{"line":38,"column":9}}},"fnMap":{"0":{"name":"(anonymous_0)","decl":{"start":{"line":5,"column":4},"end":{"line":5,"column":5}},"loc":{"start":{"line":5,"column":23},"end":{"line":11,"column":5}},"line":5},"1":{"name":"(anonymous_1)","decl":{"start":{"line":13,"column":4},"end":{"line":13,"column":5}},"loc":{"start":{"line":13,"column":13},"end":{"line":39,"column":5}},"line":13}},"branchMap":{},"s":{"0":1,"1":1,"2":1},"f":{"0":1,"1":1},"b":{},"_coverageSchema":"43e27e138ebf9cfc5966b082cf9a028302ed4184","hash":"5db78b6747cee07d23f2855460d32a0fed09f31d"}
,"/home/noahgallant/WebInterface/src/components/User/User.jsx": {"path":"/home/noahgallant/WebInterface/src/components/User/User.jsx","statementMap":{"0":{"start":{"line":10,"column":4},"end":{"line":10,"column":16}},"1":{"start":{"line":12,"column":4},"end":{"line":14,"column":5}},"2":{"start":{"line":16,"column":4},"end":{"line":16,"column":63}},"3":{"start":{"line":20,"column":4},"end":{"line":22,"column":6}},"4":{"start":{"line":27,"column":25},"end":{"line":30,"column":5}},"5":{"start":{"line":32,"column":4},"end":{"line":46,"column":6}}},"fnMap":{"0":{"name":"(anonymous_0)","decl":{"start":{"line":9,"column":2},"end":{"line":9,"column":3}},"loc":{"start":{"line":9,"column":21},"end":{"line":17,"column":3}},"line":9},"1":{"name":"(anonymous_1)","decl":{"start":{"line":19,"column":2},"end":{"line":19,"column":3}},"loc":{"start":{"line":19,"column":36},"end":{"line":23,"column":3}},"line":19},"2":{"name":"(anonymous_2)","decl":{"start":{"line":25,"column":2},"end":{"line":25,"column":3}},"loc":{"start":{"line":25,"column":12},"end":{"line":47,"column":3}},"line":25}},"branchMap":{},"s":{"0":0,"1":0,"2":0,"3":0,"4":0,"5":0},"f":{"0":0,"1":0,"2":0},"b":{},"hash":"0d5c878769b0fb8d0304b52c6cd0a3953ae9e2e0"}
}
