TN:
SF:/home/noahgallant/WebInterface/src/App.js
FN:8,App
FNF:1
FNH:0
FNDA:0,App
DA:9,0
LF:1
LH:0
BRF:0
BRH:0
end_of_record
TN:
SF:/home/noahgallant/WebInterface/src/index.js
FNF:0
FNH:0
DA:9,0
DA:20,0
LF:2
LH:0
BRF:0
BRH:0
end_of_record
TN:
SF:/home/noahgallant/WebInterface/src/serviceWorker.js
FN:23,register
FN:34,(anonymous_1)
FN:43,(anonymous_2)
FN:57,registerValidSW
FN:60,(anonymous_4)
FN:61,(anonymous_5)
FN:66,(anonymous_6)
FN:96,(anonymous_7)
FN:101,checkValidServiceWorker
FN:104,(anonymous_9)
FN:112,(anonymous_10)
FN:113,(anonymous_11)
FN:122,(anonymous_12)
FN:129,unregister
FN:131,(anonymous_14)
FNF:15
FNH:0
FNDA:0,register
FNDA:0,(anonymous_1)
FNDA:0,(anonymous_2)
FNDA:0,registerValidSW
FNDA:0,(anonymous_4)
FNDA:0,(anonymous_5)
FNDA:0,(anonymous_6)
FNDA:0,(anonymous_7)
FNDA:0,checkValidServiceWorker
FNDA:0,(anonymous_9)
FNDA:0,(anonymous_10)
FNDA:0,(anonymous_11)
FNDA:0,(anonymous_12)
FNDA:0,unregister
FNDA:0,(anonymous_14)
DA:13,0
DA:24,0
DA:26,0
DA:27,0
DA:31,0
DA:34,0
DA:35,0
DA:37,0
DA:39,0
DA:43,0
DA:44,0
DA:51,0
DA:58,0
DA:61,0
DA:62,0
DA:63,0
DA:64,0
DA:66,0
DA:67,0
DA:68,0
DA:72,0
DA:78,0
DA:79,0
DA:85,0
DA:88,0
DA:89,0
DA:97,0
DA:103,0
DA:106,0
DA:107,0
DA:112,0
DA:113,0
DA:114,0
DA:119,0
DA:123,0
DA:130,0
DA:131,0
DA:132,0
LF:38
LH:0
BRDA:14,0,0,0
BRDA:14,0,1,0
BRDA:14,0,2,0
BRDA:24,1,0,0
BRDA:24,1,1,0
BRDA:24,2,0,0
BRDA:24,2,1,0
BRDA:27,3,0,0
BRDA:27,3,1,0
BRDA:37,4,0,0
BRDA:37,4,1,0
BRDA:63,5,0,0
BRDA:63,5,1,0
BRDA:67,6,0,0
BRDA:67,6,1,0
BRDA:68,7,0,0
BRDA:68,7,1,0
BRDA:78,8,0,0
BRDA:78,8,1,0
BRDA:78,9,0,0
BRDA:78,9,1,0
BRDA:88,10,0,0
BRDA:88,10,1,0
BRDA:88,11,0,0
BRDA:88,11,1,0
BRDA:107,12,0,0
BRDA:107,12,1,0
BRDA:108,13,0,0
BRDA:108,13,1,0
BRDA:108,13,2,0
BRDA:130,14,0,0
BRDA:130,14,1,0
BRF:32
BRH:0
end_of_record
TN:
SF:/home/noahgallant/WebInterface/src/components/Icon.jsx
FN:4,(anonymous_0)
FN:8,(anonymous_1)
FNF:2
FNH:2
FNDA:1,(anonymous_0)
FNDA:1,(anonymous_1)
DA:5,1
DA:9,1
LF:2
LH:2
BRF:0
BRH:0
end_of_record
TN:
SF:/home/noahgallant/WebInterface/src/components/Dashboard/Dashboard.jsx
FN:7,(anonymous_0)
FN:26,(anonymous_1)
FN:35,(anonymous_2)
FN:45,(anonymous_3)
FN:57,(anonymous_4)
FN:86,(anonymous_5)
FNF:6
FNH:0
FNDA:0,(anonymous_0)
FNDA:0,(anonymous_1)
FNDA:0,(anonymous_2)
FNDA:0,(anonymous_3)
FNDA:0,(anonymous_4)
FNDA:0,(anonymous_5)
DA:8,0
DA:10,0
DA:16,0
DA:17,0
DA:18,0
DA:27,0
DA:28,0
DA:30,0
DA:36,0
DA:38,0
DA:40,0
DA:46,0
DA:48,0
DA:51,0
DA:58,0
DA:59,0
DA:60,0
DA:61,0
DA:73,0
DA:75,0
DA:85,0
DA:86,0
LF:22
LH:0
BRDA:27,0,0,0
BRDA:27,0,1,0
BRF:2
BRH:0
end_of_record
TN:
SF:/home/noahgallant/WebInterface/src/components/Dashboard/Panel.jsx
FN:13,(anonymous_0)
FN:37,(anonymous_1)
FN:41,(anonymous_2)
FN:45,(anonymous_3)
FN:51,(anonymous_4)
FN:58,(anonymous_5)
FN:67,(anonymous_6)
FN:114,(anonymous_7)
FN:115,(anonymous_8)
FN:122,(anonymous_9)
FN:123,(anonymous_10)
FN:134,(anonymous_11)
FNF:12
FNH:0
FNDA:0,(anonymous_0)
FNDA:0,(anonymous_1)
FNDA:0,(anonymous_2)
FNDA:0,(anonymous_3)
FNDA:0,(anonymous_4)
FNDA:0,(anonymous_5)
FNDA:0,(anonymous_6)
FNDA:0,(anonymous_7)
FNDA:0,(anonymous_8)
FNDA:0,(anonymous_9)
FNDA:0,(anonymous_10)
FNDA:0,(anonymous_11)
DA:14,0
DA:16,0
DA:31,0
DA:32,0
DA:33,0
DA:34,0
DA:38,0
DA:46,0
DA:52,0
DA:55,0
DA:59,0
DA:69,0
DA:73,0
DA:77,0
DA:82,0
DA:83,0
DA:85,0
DA:88,0
DA:92,0
DA:96,0
DA:97,0
DA:98,0
DA:102,0
DA:106,0
DA:108,0
DA:109,0
DA:111,0
DA:114,0
DA:115,0
DA:122,0
DA:124,0
DA:125,0
DA:134,0
LF:33
LH:0
BRDA:82,0,0,0
BRDA:82,0,1,0
BRDA:97,1,0,0
BRDA:97,1,1,0
BRF:4
BRH:0
end_of_record
TN:
SF:/home/noahgallant/WebInterface/src/components/Dashboard/TitleBar.jsx
FN:5,(anonymous_0)
FN:13,(anonymous_1)
FNF:2
FNH:2
FNDA:1,(anonymous_0)
FNDA:1,(anonymous_1)
DA:6,1
DA:8,1
DA:15,1
DA:20,1
DA:32,1
LF:5
LH:5
BRF:0
BRH:0
end_of_record
TN:
SF:/home/noahgallant/WebInterface/src/components/Dashboard/DashBoardPanels/AddPanel.jsx
FN:6,(anonymous_0)
FN:22,(anonymous_1)
FN:28,(anonymous_2)
FN:37,(anonymous_3)
FNF:4
FNH:3
FNDA:2,(anonymous_0)
FNDA:2,(anonymous_1)
FNDA:4,(anonymous_2)
FNDA:0,(anonymous_3)
DA:7,2
DA:9,2
DA:19,2
DA:23,2
DA:29,4
DA:30,4
DA:31,1
DA:32,4
DA:37,0
DA:43,4
LF:10
LH:9
BRDA:30,0,0,1
BRDA:30,0,1,3
BRF:2
BRH:2
end_of_record
TN:
SF:/home/noahgallant/WebInterface/src/components/Dashboard/DashBoardPanels/BearingCoverage.jsx
FN:5,(anonymous_0)
FN:9,(anonymous_1)
FNF:2
FNH:0
FNDA:0,(anonymous_0)
FNDA:0,(anonymous_1)
DA:6,0
DA:10,0
LF:2
LH:0
BRF:0
BRH:0
end_of_record
TN:
SF:/home/noahgallant/WebInterface/src/components/Dashboard/DashBoardPanels/BearingDatabase.jsx
FN:6,(anonymous_0)
FN:18,(anonymous_1)
FN:22,(anonymous_2)
FN:57,(anonymous_3)
FN:71,(anonymous_4)
FN:72,(anonymous_5)
FN:85,(anonymous_6)
FN:91,(anonymous_7)
FNF:8
FNH:5
FNDA:3,(anonymous_0)
FNDA:3,(anonymous_1)
FNDA:4,(anonymous_2)
FNDA:6,(anonymous_3)
FNDA:0,(anonymous_4)
FNDA:0,(anonymous_5)
FNDA:0,(anonymous_6)
FNDA:9,(anonymous_7)
DA:7,3
DA:9,3
DA:13,3
DA:14,3
DA:15,3
DA:19,3
DA:26,4
DA:52,4
DA:58,6
DA:59,6
DA:63,0
DA:72,0
DA:73,0
DA:74,0
DA:76,0
DA:77,0
DA:78,0
DA:79,0
DA:80,0
DA:82,0
DA:87,0
DA:94,9
DA:95,6
DA:97,6
DA:117,9
LF:25
LH:14
BRDA:58,0,0,6
BRDA:58,0,1,0
BRDA:76,1,0,0
BRDA:76,1,1,0
BRDA:78,2,0,0
BRDA:78,2,1,0
BRDA:94,3,0,6
BRDA:94,3,1,3
BRF:8
BRH:3
end_of_record
TN:
SF:/home/noahgallant/WebInterface/src/components/Dashboard/DashBoardPanels/SingleBearing.jsx
FN:5,(anonymous_0)
FN:13,(anonymous_1)
FNF:2
FNH:2
FNDA:1,(anonymous_0)
FNDA:1,(anonymous_1)
DA:6,1
DA:8,1
DA:14,1
LF:3
LH:3
BRF:0
BRH:0
end_of_record
TN:
SF:/home/noahgallant/WebInterface/src/components/Dashboard/DashBoardPanels/UnhealthyBearings.jsx
FN:5,(anonymous_0)
FN:13,(anonymous_1)
FNF:2
FNH:2
FNDA:1,(anonymous_0)
FNDA:1,(anonymous_1)
DA:6,1
DA:8,1
DA:14,1
LF:3
LH:3
BRF:0
BRH:0
end_of_record
TN:
SF:/home/noahgallant/WebInterface/src/components/Login/Login.jsx
FN:9,(anonymous_0)
FN:21,(anonymous_1)
FN:27,(anonymous_2)
FN:33,(anonymous_3)
FN:41,(anonymous_4)
FN:60,(anonymous_5)
FN:67,(anonymous_6)
FNF:7
FNH:2
FNDA:1,(anonymous_0)
FNDA:0,(anonymous_1)
FNDA:0,(anonymous_2)
FNDA:0,(anonymous_3)
FNDA:1,(anonymous_4)
FNDA:0,(anonymous_5)
FNDA:0,(anonymous_6)
DA:10,1
DA:12,1
DA:16,1
DA:17,1
DA:18,1
DA:22,0
DA:28,0
DA:34,0
DA:35,0
DA:42,1
DA:43,1
DA:44,0
DA:46,1
DA:60,0
DA:67,0
LF:15
LH:8
BRDA:43,0,0,0
BRDA:43,0,1,1
BRF:2
BRH:1
end_of_record
TN:
SF:/home/noahgallant/WebInterface/src/components/Main/Main.jsx
FN:7,(anonymous_0)
FN:17,(anonymous_1)
FN:23,(anonymous_2)
FNF:3
FNH:2
FNDA:1,(anonymous_0)
FNDA:0,(anonymous_1)
FNDA:1,(anonymous_2)
DA:8,1
DA:10,1
DA:14,1
DA:18,0
DA:25,1
DA:27,1
DA:28,0
DA:30,1
LF:8
LH:6
BRDA:27,0,0,0
BRDA:27,0,1,1
BRF:2
BRH:1
end_of_record
TN:
SF:/home/noahgallant/WebInterface/src/components/Toolbar/Toolbar.jsx
FN:5,(anonymous_0)
FN:13,(anonymous_1)
FNF:2
FNH:2
FNDA:1,(anonymous_0)
FNDA:1,(anonymous_1)
DA:6,1
DA:7,1
DA:14,1
LF:3
LH:3
BRF:0
BRH:0
end_of_record
TN:
SF:/home/noahgallant/WebInterface/src/components/User/User.jsx
FN:9,(anonymous_0)
FN:19,(anonymous_1)
FN:25,(anonymous_2)
FNF:3
FNH:0
FNDA:0,(anonymous_0)
FNDA:0,(anonymous_1)
FNDA:0,(anonymous_2)
DA:10,0
DA:12,0
DA:16,0
DA:20,0
DA:27,0
DA:32,0
LF:6
LH:0
BRF:0
BRH:0
end_of_record
